<?xml version="1.0" encoding="UTF-8"?>
<!-- Generated by org.testng.reporters.JUnitReportReporter -->
<testsuite skipped="0" hostname="DESKTOP-AK5T834" name="org.samplepackage.sampless" tests="1" failures="0" timestamp="05 Nov 2022 11:34:10 GMT" time="0.031" errors="0">
  <testcase name="test" time="0.031" classname="org.samplepackage.sampless"/>
</testsuite> <!-- org.samplepackage.sampless -->
